<?xml version="1.0" encoding="UTF-8"?>
<testng-results ignored="0" total="2" passed="2" failed="0" skipped="0">
  <reporter-output>
  </reporter-output>
  <suite started-at="2022-09-21T03:10:46Z" name="Default suite" finished-at="2022-09-21T03:11:49Z" duration-ms="63018">
    <groups>
    </groups>
    <test started-at="2022-09-21T03:10:46Z" name="Default test" finished-at="2022-09-21T03:11:49Z" duration-ms="63018">
      <class name="com.actitime.qa.testcases.HomePageTest">
        <test-method is-config="true" signature="seup()[pri:0, instance:com.actitime.qa.testcases.HomePageTest@4be29ed9]" started-at="2022-09-21T03:10:46Z" name="seup" finished-at="2022-09-21T03:11:04Z" duration-ms="18345" status="PASS">
          <reporter-output>
          </reporter-output>
        </test-method> <!-- seup -->
        <test-method signature="homePageLogoTest()[pri:1, instance:com.actitime.qa.testcases.HomePageTest@4be29ed9]" started-at="2022-09-21T03:11:04Z" name="homePageLogoTest" finished-at="2022-09-21T03:11:12Z" duration-ms="7786" status="PASS">
          <reporter-output>
          </reporter-output>
        </test-method> <!-- homePageLogoTest -->
        <test-method is-config="true" signature="tearDown()[pri:0, instance:com.actitime.qa.testcases.HomePageTest@4be29ed9]" started-at="2022-09-21T03:11:12Z" name="tearDown" finished-at="2022-09-21T03:11:13Z" duration-ms="985" status="PASS">
          <reporter-output>
          </reporter-output>
        </test-method> <!-- tearDown -->
        <test-method is-config="true" signature="seup()[pri:0, instance:com.actitime.qa.testcases.HomePageTest@4be29ed9]" started-at="2022-09-21T03:11:13Z" name="seup" finished-at="2022-09-21T03:11:33Z" duration-ms="19638" status="PASS">
          <reporter-output>
          </reporter-output>
        </test-method> <!-- seup -->
        <test-method signature="homePageTaskLinkTest()[pri:2, instance:com.actitime.qa.testcases.HomePageTest@4be29ed9]" started-at="2022-09-21T03:11:33Z" name="homePageTaskLinkTest" finished-at="2022-09-21T03:11:47Z" duration-ms="14223" status="PASS">
          <reporter-output>
          </reporter-output>
        </test-method> <!-- homePageTaskLinkTest -->
        <test-method is-config="true" signature="tearDown()[pri:0, instance:com.actitime.qa.testcases.HomePageTest@4be29ed9]" started-at="2022-09-21T03:11:47Z" name="tearDown" finished-at="2022-09-21T03:11:49Z" duration-ms="1970" status="PASS">
          <reporter-output>
          </reporter-output>
        </test-method> <!-- tearDown -->
      </class> <!-- com.actitime.qa.testcases.HomePageTest -->
    </test> <!-- Default test -->
  </suite> <!-- Default suite -->
</testng-results>
